<?xml version="1.0" encoding="UTF-8"?>
<!-- Generated by org.testng.reporters.JUnitReportReporter -->
<testsuite hostname="Manolopelous-2.local" failures="0" tests="1" name="testCases.TC4_VerifyPresenceofBrokenLinks" time="123.330" errors="0" timestamp="2025-07-08T16:59:48 IST" skipped="0">
  <testcase classname="testCases.TC4_VerifyPresenceofBrokenLinks" name="CheckBrokenLinks" time="123.330"/>
</testsuite> <!-- testCases.TC4_VerifyPresenceofBrokenLinks -->
