<?xml version="1.0" encoding="UTF-8"?>
<!-- Generated by org.testng.reporters.JUnitReportReporter -->
<testsuite hostname="Manolopelous-2.local" failures="0" tests="1" name="testCases.TC1_SignUp" time="7.804" errors="0" timestamp="2025-06-29T19:58:32 IST" skipped="0">
  <testcase classname="testCases.TC1_SignUp" name="VarifySignup" time="7.804"/>
</testsuite> <!-- testCases.TC1_SignUp -->
