<?xml version="1.0" encoding="UTF-8"?>
<!-- Generated by org.testng.reporters.JUnitReportReporter -->
<testsuite hostname="Manolopelous-2.local" failures="0" tests="1" name="testCases.TC2_LoginTest" time="7.532" errors="0" timestamp="2025-07-03T20:04:38 IST" skipped="0">
  <testcase classname="testCases.TC2_LoginTest" name="VerigyLoginFeature" time="7.532"/>
</testsuite> <!-- testCases.TC2_LoginTest -->
