<?xml version="1.0" encoding="UTF-8"?>
<!-- Generated by org.testng.reporters.JUnitReportReporter -->
<testsuite hostname="Manolopelous-2.local" failures="0" tests="1" name="testCases.TC4_VerifyPresenceofBrokenLinks" time="96.816" errors="0" timestamp="2025-07-04T21:43:26 IST" skipped="0">
  <testcase classname="testCases.TC4_VerifyPresenceofBrokenLinks" name="CheckBrokenLinks" time="96.816"/>
</testsuite> <!-- testCases.TC4_VerifyPresenceofBrokenLinks -->
